Document/Capstone/f_2/build/outputs/logs/manifest-merger-debug-report.txt
-- Merging decision tree log ---
manifest
ADDED from src\main\AndroidManifest.xml:2:1-28:12
	package
		ADDED from src\main\AndroidManifest.xml:2:70-98
		INJECTED from src\main\AndroidManifest.xml
		INJECTED from src\main\AndroidManifest.xml
	android:versionName
		ADDED from src\main\AndroidManifest.xml:2:146-171
		INJECTED from src\main\AndroidManifest.xml
		INJECTED from src\main\AndroidManifest.xml
	xmlns:tools
		ADDED from src\main\AndroidManifest.xml:2:99-145
	android:versionCode
		ADDED from src\main\AndroidManifest.xml:2:172-195
		INJECTED from src\main\AndroidManifest.xml
		INJECTED from src\main\AndroidManifest.xml
	tools:ignore
		ADDED from src\main\AndroidManifest.xml:3:5-42
	xmlns:android
		ADDED from src\main\AndroidManifest.xml:2:11-69
	android:installLocation
		ADDED from src\main\AndroidManifest.xml:2:196-236
supports-screens
ADDED from src\main\AndroidManifest.xml:4:3-163
	android:largeScreens
		ADDED from src\main\AndroidManifest.xml:4:78-105
	android:smallScreens
		ADDED from src\main\AndroidManifest.xml:4:21-48
	android:normalScreens
		ADDED from src\main\AndroidManifest.xml:4:49-77
	android:xlargeScreens
		ADDED from src\main\AndroidManifest.xml:4:106-134
	android:anyDensity
		ADDED from src\main\AndroidManifest.xml:4:135-160
uses-permission#android.permission.WRITE_EXTERNAL_STORAGE
ADDED from src\main\AndroidManifest.xml:5:3-78
	android:name
		ADDED from src\main\AndroidManifest.xml:5:20-76
uses-permission#android.permission.RECORD_AUDIO
ADDED from src\main\AndroidManifest.xml:6:3-68
	android:name
		ADDED from src\main\AndroidManifest.xml:6:20-66
uses-permission#android.permission.VIBRATE
ADDED from src\main\AndroidManifest.xml:7:3-63
	android:name
		ADDED from src\main\AndroidManifest.xml:7:20-61
application
ADDED from src\main\AndroidManifest.xml:8:3-21:17
	android:label
		ADDED from src\main\AndroidManifest.xml:8:92-124
	android:icon
		ADDED from src\main\AndroidManifest.xml:8:58-91
	android:banner
		ADDED from src\main\AndroidManifest.xml:8:147-184
	android:theme
		ADDED from src\main\AndroidManifest.xml:8:16-57
	android:isGame
		ADDED from src\main\AndroidManifest.xml:8:125-146
activity#com.company.jinair.UnityPlayerActivity
ADDED from src\main\AndroidManifest.xml:9:5-16:16
	android:screenOrientation
		ADDED from src\main\AndroidManifest.xml:9:48-85
	android:label
		ADDED from src\main\AndroidManifest.xml:9:15-47
	android:launchMode
		ADDED from src\main\AndroidManifest.xml:9:86-117
	android:configChanges
		ADDED from src\main\AndroidManifest.xml:9:118-299
	android:name
		ADDED from src\main\AndroidManifest.xml:9:300-353
intent-filter#android.intent.action.MAIN+android.intent.category.LAUNCHER+android.intent.category.LEANBACK_LAUNCHER
ADDED from src\main\AndroidManifest.xml:10:7-14:23
action#android.intent.action.MAIN
ADDED from src\main\AndroidManifest.xml:11:9-61
	android:name
		ADDED from src\main\AndroidManifest.xml:11:17-58
category#android.intent.category.LAUNCHER
ADDED from src\main\AndroidManifest.xml:12:9-69
	android:name
		ADDED from src\main\AndroidManifest.xml:12:19-66
category#android.intent.category.LEANBACK_LAUNCHER
ADDED from src\main\AndroidManifest.xml:13:9-78
	android:name
		ADDED from src\main\AndroidManifest.xml:13:19-75
meta-data#unityplayer.UnityActivity
ADDED from src\main\AndroidManifest.xml:15:7-82
	android:value
		ADDED from src\main\AndroidManifest.xml:15:59-79
	android:name
		ADDED from src\main\AndroidManifest.xml:15:18-58
meta-data#unity.build-id
ADDED from src\main\AndroidManifest.xml:17:5-101
	android:value
		ADDED from src\main\AndroidManifest.xml:17:46-98
	android:name
		ADDED from src\main\AndroidManifest.xml:17:16-45
meta-data#unity.splash-mode
ADDED from src\main\AndroidManifest.xml:18:5-69
	android:value
		ADDED from src\main\AndroidManifest.xml:18:49-66
	android:name
		ADDED from src\main\AndroidManifest.xml:18:16-48
meta-data#unity.splash-enable
ADDED from src\main\AndroidManifest.xml:19:5-74
	android:value
		ADDED from src\main\AndroidManifest.xml:19:51-71
	android:name
		ADDED from src\main\AndroidManifest.xml:19:16-50
meta-data#android.max_aspect
ADDED from src\main\AndroidManifest.xml:20:5-72
	android:value
		ADDED from src\main\AndroidManifest.xml:20:50-69
	android:name
		ADDED from src\main\AndroidManifest.xml:20:16-49
uses-sdk
ADDED from src\main\AndroidManifest.xml:22:3-72
	android:targetSdkVersion
		ADDED from src\main\AndroidManifest.xml:22:40-69
		INJECTED from src\main\AndroidManifest.xml
		INJECTED from src\main\AndroidManifest.xml
	android:minSdkVersion
		ADDED from src\main\AndroidManifest.xml:22:13-39
uses-feature#0x00020000
ADDED from src\main\AndroidManifest.xml:23:3-52
	android:glEsVersion
		ADDED from src\main\AndroidManifest.xml:23:17-49
uses-permission#android.permission.INTERNET
ADDED from src\main\AndroidManifest.xml:24:3-65
	android:name
		ADDED from src\main\AndroidManifest.xml:24:20-62
uses-feature#android.hardware.touchscreen
ADDED from src\main\AndroidManifest.xml:25:3-88
	android:required
		ADDED from src\main\AndroidManifest.xml:25:61-85
	android:name
		ADDED from src\main\AndroidManifest.xml:25:17-60
uses-feature#android.hardware.touchscreen.multitouch
ADDED from src\main\AndroidManifest.xml:26:3-99
	android:required
		ADDED from src\main\AndroidManifest.xml:26:72-96
	android:name
		ADDED from src\main\AndroidManifest.xml:26:17-71
uses-feature#android.hardware.touchscreen.multitouch.distinct
ADDED from src\main\AndroidManifest.xml:27:3-108
	android:required
		ADDED from src\main\AndroidManifest.xml:27:81-105
	android:name
		ADDED from src\main\AndroidManifest.xml:27:17-80